<?xml version="1.0" encoding="UTF-8"?>
<testsuite name="tests.FormTestsWithFaker" tests="1" skipped="0" failures="0" errors="0" timestamp="2021-03-01T19:18:54" hostname="VALKYRJA-ПК" time="23.467">
  <properties/>
  <testcase name="checkFormFillTest()" classname="tests.FormTestsWithFaker" time="23.467"/>
  <system-out><![CDATA[]]></system-out>
  <system-err><![CDATA[[Test worker] INFO com.codeborne.selenide.impl.WebDriverThreadLocalContainer - No webdriver is bound to current thread: 12 - let's create a new webdriver
мар 01, 2021 10:18:57 PM org.openqa.selenium.remote.ProtocolHandshake createSession
INFO: Detected dialect: W3C
[Test worker] INFO com.codeborne.selenide.webdriver.WebDriverFactory - BrowserName=chrome Version=87.0.4280.66 Platform=LINUX
[Test worker] INFO com.codeborne.selenide.webdriver.WebDriverFactory - Selenide v. 5.18.0
[Test worker] INFO com.codeborne.selenide.webdriver.WebDriverFactory - Selenium WebDriver v. 3.141.59 build time: 2018-11-14T08:17:03
[Test worker] INFO com.codeborne.selenide.drivercommands.CreateDriverCommand - Create webdriver in current thread 12: RemoteWebDriver -> RemoteWebDriver: chrome on LINUX (f33f7598e5793f2d1833b73072c6b75a)
]]></system-err>
</testsuite>
